0 info it worked if it ends with ok
1 verbose cli [ '/usr/local/bin/node',
1 verbose cli   '/usr/local/bin/npm',
1 verbose cli   'install',
1 verbose cli   '-g',
1 verbose cli   'serve' ]
2 info using npm@2.14.12
3 info using node@v4.2.6
4 verbose install initial load of /usr/local/lib/package.json
5 verbose readDependencies loading dependencies from /usr/local/lib/package.json
6 silly cache add args [ 'serve', null ]
7 verbose cache add spec serve
8 silly cache add parsed spec Result {
8 silly cache add   raw: 'serve',
8 silly cache add   scope: null,
8 silly cache add   name: 'serve',
8 silly cache add   rawSpec: '',
8 silly cache add   spec: 'latest',
8 silly cache add   type: 'tag' }
9 silly addNamed serve@latest
10 verbose addNamed "latest" is being treated as a dist-tag for serve
11 info addNameTag [ 'serve', 'latest' ]
12 silly mapToRegistry name serve
13 silly mapToRegistry using default registry
14 silly mapToRegistry registry https://registry.npmjs.org/
15 silly mapToRegistry uri https://registry.npmjs.org/serve
16 verbose addNameTag registry:https://registry.npmjs.org/serve not in flight; fetching
17 verbose request uri https://registry.npmjs.org/serve
18 verbose request no auth needed
19 info attempt registry request try #1 at 6:23:07 PM
20 verbose request id 19216b2471170583
21 verbose etag "55MSXY2OSWO6QV670IM0VCVFM"
22 http request GET https://registry.npmjs.org/serve
23 http 304 https://registry.npmjs.org/serve
24 verbose headers { date: 'Sun, 14 Feb 2016 23:23:06 GMT',
24 verbose headers   via: '1.1 varnish',
24 verbose headers   'cache-control': 'max-age=300',
24 verbose headers   etag: '"55MSXY2OSWO6QV670IM0VCVFM"',
24 verbose headers   age: '0',
24 verbose headers   connection: 'keep-alive',
24 verbose headers   'x-served-by': 'cache-dfw1828-DFW',
24 verbose headers   'x-cache': 'HIT',
24 verbose headers   'x-cache-hits': '1',
24 verbose headers   'x-timer': 'S1455492186.909972,VS0,VE258',
24 verbose headers   vary: 'Accept' }
25 silly get cb [ 304,
25 silly get   { date: 'Sun, 14 Feb 2016 23:23:06 GMT',
25 silly get     via: '1.1 varnish',
25 silly get     'cache-control': 'max-age=300',
25 silly get     etag: '"55MSXY2OSWO6QV670IM0VCVFM"',
25 silly get     age: '0',
25 silly get     connection: 'keep-alive',
25 silly get     'x-served-by': 'cache-dfw1828-DFW',
25 silly get     'x-cache': 'HIT',
25 silly get     'x-cache-hits': '1',
25 silly get     'x-timer': 'S1455492186.909972,VS0,VE258',
25 silly get     vary: 'Accept' } ]
26 verbose etag https://registry.npmjs.org/serve from cache
27 verbose get saving serve to /Users/kierstenschmidt/.npm/registry.npmjs.org/serve/.cache.json
28 silly addNameTag next cb for serve with tag latest
29 silly addNamed serve@1.4.0
30 verbose addNamed "1.4.0" is a plain semver version for serve
31 silly cache afterAdd serve@1.4.0
32 verbose afterAdd /Users/kierstenschmidt/.npm/serve/1.4.0/package/package.json not in flight; writing
33 verbose afterAdd /Users/kierstenschmidt/.npm/serve/1.4.0/package/package.json written
34 silly install resolved [ { name: 'serve',
34 silly install resolved     version: '1.4.0',
34 silly install resolved     description: 'Simple command-line file / directory server built with connect',
34 silly install resolved     keywords: [ 'static', 'server', 'connect' ],
34 silly install resolved     author: { name: 'TJ Holowaychuk', email: 'tj@vision-media.ca' },
34 silly install resolved     preferGlobal: true,
34 silly install resolved     homepage: 'https://github.com/visionmedia/serve',
34 silly install resolved     repository:
34 silly install resolved      { type: 'git',
34 silly install resolved        url: 'git+https://github.com/visionmedia/serve.git' },
34 silly install resolved     dependencies:
34 silly install resolved      { connect: '2.3.x',
34 silly install resolved        stylus: '*',
34 silly install resolved        jade: '*',
34 silly install resolved        'less-middleware': '*',
34 silly install resolved        commander: '0.6.1' },
34 silly install resolved     bin: { serve: './bin/serve' },
34 silly install resolved     bugs: { url: 'https://github.com/visionmedia/serve/issues' },
34 silly install resolved     _id: 'serve@1.4.0',
34 silly install resolved     dist:
34 silly install resolved      { shasum: 'e35f3ce6b42586b7f3ded7b5b0a31a01bb0e1005',
34 silly install resolved        tarball: 'http://registry.npmjs.org/serve/-/serve-1.4.0.tgz' },
34 silly install resolved     _from: 'serve@latest',
34 silly install resolved     _npmVersion: '1.4.4',
34 silly install resolved     _npmUser: { name: 'tjholowaychuk', email: 'tj@vision-media.ca' },
34 silly install resolved     maintainers: [ [Object] ],
34 silly install resolved     directories: {},
34 silly install resolved     _shasum: 'e35f3ce6b42586b7f3ded7b5b0a31a01bb0e1005',
34 silly install resolved     _resolved: 'https://registry.npmjs.org/serve/-/serve-1.4.0.tgz',
34 silly install resolved     readme: 'ERROR: No README data found!' } ]
35 info install serve@1.4.0 into /usr/local/lib
36 info installOne serve@1.4.0
37 verbose installOne of serve to /usr/local/lib not in flight; installing
38 verbose lock using /Users/kierstenschmidt/.npm/_locks/serve-6627f39219900269.lock for /usr/local/lib/node_modules/serve
39 silly install write writing serve 1.4.0 to /usr/local/lib/node_modules/serve
40 verbose unbuild lib/node_modules/serve
41 info preuninstall serve@1.4.0
42 info uninstall serve@1.4.0
43 verbose unbuild rmStuff serve@1.4.0 from /usr/local/lib/node_modules
44 silly gentlyRm /usr/local/bin/serve is being gently removed
45 silly gentlyRm verifying /usr/local is an npm working directory
46 silly gentlyRm containing path /usr/local is under npm's control, in /usr/local
47 silly gentlyRm deletion target /usr/local/bin/serve is under /usr/local
48 verbose gentlyRm vacuuming from /usr/local/bin/serve up to /usr/local
49 silly vacuum-fs removing /usr/local/bin/serve
50 verbose unlock done using /Users/kierstenschmidt/.npm/_locks/serve-6627f39219900269.lock for /usr/local/lib/node_modules/serve
51 verbose stack Error: EACCES: permission denied, unlink '/usr/local/bin/serve'
51 verbose stack     at Error (native)
52 verbose cwd /Users/kierstenschmidt/Documents/Spring 16/J583/senate_app
53 error Darwin 14.5.0
54 error argv "/usr/local/bin/node" "/usr/local/bin/npm" "install" "-g" "serve"
55 error node v4.2.6
56 error npm  v2.14.12
57 error path /usr/local/bin/serve
58 error code EACCES
59 error errno -13
60 error syscall unlink
61 error Error: EACCES: permission denied, unlink '/usr/local/bin/serve'
61 error     at Error (native)
61 error  { [Error: EACCES: permission denied, unlink '/usr/local/bin/serve']
61 error   errno: -13,
61 error   code: 'EACCES',
61 error   syscall: 'unlink',
61 error   path: '/usr/local/bin/serve' }
62 error Please try running this command again as root/Administrator.
63 verbose exit [ -13, true ]
64 verbose unbuild lib/node_modules/serve
65 info preuninstall serve@1.4.0
66 info uninstall serve@1.4.0
67 verbose unbuild rmStuff serve@1.4.0 from /usr/local/lib/node_modules
68 silly gentlyRm /usr/local/bin/serve is being gently removed
69 silly gentlyRm verifying /usr/local is an npm working directory
70 silly gentlyRm containing path /usr/local is under npm's control, in /usr/local
71 silly gentlyRm deletion target /usr/local/bin/serve is under /usr/local
72 verbose gentlyRm vacuuming from /usr/local/bin/serve up to /usr/local
73 silly vacuum-fs removing /usr/local/bin/serve
74 error error rolling back Error: EACCES: permission denied, unlink '/usr/local/bin/serve'
74 error error rolling back     at Error (native)
74 error error rolling back  { [Error: EACCES: permission denied, unlink '/usr/local/bin/serve']
74 error error rolling back   errno: -13,
74 error error rolling back   code: 'EACCES',
74 error error rolling back   syscall: 'unlink',
74 error error rolling back   path: '/usr/local/bin/serve' }
